<?xml version="1.0" encoding="UTF-8"?>
<testsuite xmlns:xsi="http://www.w3.org/2001/XMLSchema-instance" xsi:noNamespaceSchemaLocation="https://maven.apache.org/surefire/maven-surefire-plugin/xsd/surefire-test-report.xsd" version="3.0.2" name="com.example.cloud.store.CloudStoreApplicationTests" time="8.521" tests="1" errors="0" skipped="0" failures="0">
  <properties>
[...]
</properties>
  <testcase name="contextLoads" classname="com.example.cloud.store.CloudStoreApplicationTests" time="4.799">
    <system-out><![CDATA[15:29:35.954 [main] INFO org.springframework.test.context.support.AnnotationConfigContextLoaderUtils -- Could not detect default configuration classes for test class [com.example.cloud.store.CloudStoreApplicationTests]: CloudStoreApplicationTests does not declare any static, non-private, non-final, nested classes annotated with @Configuration.
15:29:36.286 [main] INFO org.springframework.boot.test.context.SpringBootTestContextBootstrapper -- Found @SpringBootConfiguration com.example.cloud.store.CloudStoreApplication for test class com.example.cloud.store.CloudStoreApplicationTests
15:29:36.774 [main] INFO org.springframework.boot.devtools.restart.RestartApplicationListener -- Restart disabled due to context in which it is running

  .   ____          _            __ _ _
 /\\ / ___'_ __ _ _(_)_ __  __ _ \ \ \ \
( ( )\___ | '_ | '_| | '_ \/ _` | \ \ \ \
 \\/  ___)| |_)| | | | | || (_| |  ) ) ) )
  '  |____| .__|_| |_|_| |_\__, | / / / /
 =========|_|==============|___/=/_/_/_/

 :: Spring Boot ::       (v4.0.0-SNAPSHOT)

2025-06-14T15:29:37.668Z  INFO 11888 --- [cloud-store] [           main] c.e.c.store.CloudStoreApplicationTests   : Starting CloudStoreApplicationTests using Java 17.0.15 with PID 11888 (started by Acer in C:\Users\Acer\Downloads\cloud-store)
2025-06-14T15:29:37.672Z  INFO 11888 --- [cloud-store] [           main] c.e.c.store.CloudStoreApplicationTests   : No active profile set, falling back to 1 default profile: "default"
2025-06-14T15:29:39.163Z  INFO 11888 --- [cloud-store] [           main] c.e.c.store.CloudStoreApplicationTests   : Started CloudStoreApplicationTests in 2.421 seconds (process running for 4.823)
]]></system-out>
  </testcase>
</testsuite>